Build started 10/18/2019 9:41:19 AM.
     1>Project "C:\Users\Banme.com\Desktop\BTHDT\VeHinh\VeHinh\VeHinh.vcxproj" on node 2 (build target(s)).
     1>InitializeBuildStatus:
         Creating "Debug\VeHinh.unsuccessfulbuild" because "AlwaysCreate" was specified.
       ClCompile:
         All outputs are up-to-date.
         C:\Program Files (x86)\Microsoft Visual Studio 10.0\VC\bin\CL.exe /c /ZI /nologo /W3 /WX- /Od /Oy- /D WIN32 /D _WINDOWS /D _DEBUG /D _UNICODE /D UNICODE /D _AFXDLL /Gm /EHsc /RTC1 /MDd /GS /fp:precise /Zc:wchar_t /Zc:forScope /Yu"StdAfx.h" /Fp"Debug\VeHinh.pch" /Fo"Debug\\" /Fd"Debug\vc100.pdb" /Gd /TP /analyze- /errorReport:prompt Tron.cpp VeHinhView.cpp Xu.cpp
         Xu.cpp
     1>c:\users\banme.com\desktop\bthdt\vehinh\vehinh\xu.cpp(7): warning C4244: '=' : conversion from 'int' to 'float', possible loss of data
     1>c:\users\banme.com\desktop\bthdt\vehinh\vehinh\xu.cpp(8): warning C4244: '=' : conversion from 'int' to 'float', possible loss of data
     1>c:\users\banme.com\desktop\bthdt\vehinh\vehinh\xu.cpp(9): warning C4244: '=' : conversion from 'int' to 'float', possible loss of data
     1>c:\users\banme.com\desktop\bthdt\vehinh\vehinh\xu.cpp(10): warning C4244: '=' : conversion from 'int' to 'float', possible loss of data
     1>c:\users\banme.com\desktop\bthdt\vehinh\vehinh\xu.cpp(19): warning C4244: '=' : conversion from 'LONG' to 'float', possible loss of data
     1>c:\users\banme.com\desktop\bthdt\vehinh\vehinh\xu.cpp(20): warning C4244: '=' : conversion from 'LONG' to 'float', possible loss of data
     1>c:\users\banme.com\desktop\bthdt\vehinh\vehinh\xu.cpp(21): warning C4244: '=' : conversion from 'LONG' to 'float', possible loss of data
     1>c:\users\banme.com\desktop\bthdt\vehinh\vehinh\xu.cpp(22): warning C4244: '=' : conversion from 'LONG' to 'float', possible loss of data
     1>c:\users\banme.com\desktop\bthdt\vehinh\vehinh\xu.cpp(27): warning C4244: '=' : conversion from 'int' to 'float', possible loss of data
     1>c:\users\banme.com\desktop\bthdt\vehinh\vehinh\xu.cpp(28): warning C4244: '=' : conversion from 'int' to 'float', possible loss of data
     1>c:\users\banme.com\desktop\bthdt\vehinh\vehinh\xu.cpp(29): warning C4244: '=' : conversion from 'int' to 'float', possible loss of data
     1>c:\users\banme.com\desktop\bthdt\vehinh\vehinh\xu.cpp(30): warning C4244: '=' : conversion from 'int' to 'float', possible loss of data
     1>c:\users\banme.com\desktop\bthdt\vehinh\vehinh\xu.cpp(36): warning C4244: '=' : conversion from 'float' to 'int', possible loss of data
     1>c:\users\banme.com\desktop\bthdt\vehinh\vehinh\xu.cpp(37): warning C4244: '=' : conversion from 'float' to 'int', possible loss of data
     1>c:\users\banme.com\desktop\bthdt\vehinh\vehinh\xu.cpp(39): warning C4244: '=' : conversion from 'float' to 'int', possible loss of data
     1>c:\users\banme.com\desktop\bthdt\vehinh\vehinh\xu.cpp(40): warning C4244: '=' : conversion from 'float' to 'int', possible loss of data
     1>c:\users\banme.com\desktop\bthdt\vehinh\vehinh\xu.cpp(45): warning C4244: 'argument' : conversion from 'float' to 'int', possible loss of data
     1>c:\users\banme.com\desktop\bthdt\vehinh\vehinh\xu.cpp(45): warning C4244: 'argument' : conversion from 'float' to 'int', possible loss of data
     1>c:\users\banme.com\desktop\bthdt\vehinh\vehinh\xu.cpp(45): warning C4244: 'argument' : conversion from 'float' to 'int', possible loss of data
     1>c:\users\banme.com\desktop\bthdt\vehinh\vehinh\xu.cpp(45): warning C4244: 'argument' : conversion from 'float' to 'int', possible loss of data
     1>c:\users\banme.com\desktop\bthdt\vehinh\vehinh\xu.cpp(46): warning C4244: 'argument' : conversion from 'float' to 'int', possible loss of data
     1>c:\users\banme.com\desktop\bthdt\vehinh\vehinh\xu.cpp(46): warning C4244: 'argument' : conversion from 'float' to 'int', possible loss of data
     1>c:\users\banme.com\desktop\bthdt\vehinh\vehinh\xu.cpp(46): warning C4244: 'argument' : conversion from 'float' to 'int', possible loss of data
     1>c:\users\banme.com\desktop\bthdt\vehinh\vehinh\xu.cpp(46): warning C4244: 'argument' : conversion from 'float' to 'int', possible loss of data
     1>c:\users\banme.com\desktop\bthdt\vehinh\vehinh\xu.cpp(50): warning C4244: 'argument' : conversion from 'float' to 'int', possible loss of data
     1>c:\users\banme.com\desktop\bthdt\vehinh\vehinh\xu.cpp(50): warning C4244: 'argument' : conversion from 'float' to 'int', possible loss of data
     1>c:\users\banme.com\desktop\bthdt\vehinh\vehinh\xu.cpp(50): warning C4244: 'argument' : conversion from 'float' to 'int', possible loss of data
     1>c:\users\banme.com\desktop\bthdt\vehinh\vehinh\xu.cpp(50): warning C4244: 'argument' : conversion from 'float' to 'int', possible loss of data
     1>c:\users\banme.com\desktop\bthdt\vehinh\vehinh\xu.cpp(51): warning C4244: 'argument' : conversion from 'float' to 'int', possible loss of data
     1>c:\users\banme.com\desktop\bthdt\vehinh\vehinh\xu.cpp(51): warning C4244: 'argument' : conversion from 'float' to 'int', possible loss of data
     1>c:\users\banme.com\desktop\bthdt\vehinh\vehinh\xu.cpp(51): warning C4244: 'argument' : conversion from 'float' to 'int', possible loss of data
     1>c:\users\banme.com\desktop\bthdt\vehinh\vehinh\xu.cpp(51): warning C4244: 'argument' : conversion from 'float' to 'int', possible loss of data
     1>c:\users\banme.com\desktop\bthdt\vehinh\vehinh\xu.cpp(60): warning C4244: 'argument' : conversion from 'float' to 'int', possible loss of data
     1>c:\users\banme.com\desktop\bthdt\vehinh\vehinh\xu.cpp(60): warning C4244: 'argument' : conversion from 'float' to 'int', possible loss of data
     1>c:\users\banme.com\desktop\bthdt\vehinh\vehinh\xu.cpp(60): warning C4244: 'argument' : conversion from 'float' to 'int', possible loss of data
     1>c:\users\banme.com\desktop\bthdt\vehinh\vehinh\xu.cpp(60): warning C4244: 'argument' : conversion from 'float' to 'int', possible loss of data
     1>c:\users\banme.com\desktop\bthdt\vehinh\vehinh\xu.cpp(61): warning C4244: 'argument' : conversion from 'float' to 'int', possible loss of data
     1>c:\users\banme.com\desktop\bthdt\vehinh\vehinh\xu.cpp(61): warning C4244: 'argument' : conversion from 'float' to 'int', possible loss of data
     1>c:\users\banme.com\desktop\bthdt\vehinh\vehinh\xu.cpp(61): warning C4244: 'argument' : conversion from 'float' to 'int', possible loss of data
     1>c:\users\banme.com\desktop\bthdt\vehinh\vehinh\xu.cpp(61): warning C4244: 'argument' : conversion from 'float' to 'int', possible loss of data
     1>c:\users\banme.com\desktop\bthdt\vehinh\vehinh\xu.cpp(65): warning C4244: 'argument' : conversion from 'float' to 'int', possible loss of data
     1>c:\users\banme.com\desktop\bthdt\vehinh\vehinh\xu.cpp(65): warning C4244: 'argument' : conversion from 'float' to 'int', possible loss of data
     1>c:\users\banme.com\desktop\bthdt\vehinh\vehinh\xu.cpp(65): warning C4244: 'argument' : conversion from 'float' to 'int', possible loss of data
     1>c:\users\banme.com\desktop\bthdt\vehinh\vehinh\xu.cpp(65): warning C4244: 'argument' : conversion from 'float' to 'int', possible loss of data
     1>c:\users\banme.com\desktop\bthdt\vehinh\vehinh\xu.cpp(66): warning C4244: 'argument' : conversion from 'float' to 'int', possible loss of data
     1>c:\users\banme.com\desktop\bthdt\vehinh\vehinh\xu.cpp(66): warning C4244: 'argument' : conversion from 'float' to 'int', possible loss of data
     1>c:\users\banme.com\desktop\bthdt\vehinh\vehinh\xu.cpp(66): warning C4244: 'argument' : conversion from 'float' to 'int', possible loss of data
     1>c:\users\banme.com\desktop\bthdt\vehinh\vehinh\xu.cpp(66): warning C4244: 'argument' : conversion from 'float' to 'int', possible loss of data
     1>c:\users\banme.com\desktop\bthdt\vehinh\vehinh\xu.cpp(75): warning C4244: 'argument' : conversion from 'float' to 'int', possible loss of data
     1>c:\users\banme.com\desktop\bthdt\vehinh\vehinh\xu.cpp(75): warning C4244: 'argument' : conversion from 'float' to 'int', possible loss of data
     1>c:\users\banme.com\desktop\bthdt\vehinh\vehinh\xu.cpp(75): warning C4244: 'argument' : conversion from 'float' to 'int', possible loss of data
     1>c:\users\banme.com\desktop\bthdt\vehinh\vehinh\xu.cpp(75): warning C4244: 'argument' : conversion from 'float' to 'int', possible loss of data
     1>c:\users\banme.com\desktop\bthdt\vehinh\vehinh\xu.cpp(76): warning C4244: 'argument' : conversion from 'float' to 'int', possible loss of data
     1>c:\users\banme.com\desktop\bthdt\vehinh\vehinh\xu.cpp(76): warning C4244: 'argument' : conversion from 'float' to 'int', possible loss of data
     1>c:\users\banme.com\desktop\bthdt\vehinh\vehinh\xu.cpp(76): warning C4244: 'argument' : conversion from 'float' to 'int', possible loss of data
     1>c:\users\banme.com\desktop\bthdt\vehinh\vehinh\xu.cpp(76): warning C4244: 'argument' : conversion from 'float' to 'int', possible loss of data
     1>c:\users\banme.com\desktop\bthdt\vehinh\vehinh\xu.cpp(80): warning C4244: 'argument' : conversion from 'float' to 'int', possible loss of data
     1>c:\users\banme.com\desktop\bthdt\vehinh\vehinh\xu.cpp(80): warning C4244: 'argument' : conversion from 'float' to 'int', possible loss of data
     1>c:\users\banme.com\desktop\bthdt\vehinh\vehinh\xu.cpp(80): warning C4244: 'argument' : conversion from 'float' to 'int', possible loss of data
     1>c:\users\banme.com\desktop\bthdt\vehinh\vehinh\xu.cpp(80): warning C4244: 'argument' : conversion from 'float' to 'int', possible loss of data
     1>c:\users\banme.com\desktop\bthdt\vehinh\vehinh\xu.cpp(81): warning C4244: 'argument' : conversion from 'float' to 'int', possible loss of data
     1>c:\users\banme.com\desktop\bthdt\vehinh\vehinh\xu.cpp(81): warning C4244: 'argument' : conversion from 'float' to 'int', possible loss of data
     1>c:\users\banme.com\desktop\bthdt\vehinh\vehinh\xu.cpp(81): warning C4244: 'argument' : conversion from 'float' to 'int', possible loss of data
     1>c:\users\banme.com\desktop\bthdt\vehinh\vehinh\xu.cpp(81): warning C4244: 'argument' : conversion from 'float' to 'int', possible loss of data
     1>c:\users\banme.com\desktop\bthdt\vehinh\vehinh\xu.cpp(88): warning C4244: 'argument' : conversion from 'float' to 'int', possible loss of data
     1>c:\users\banme.com\desktop\bthdt\vehinh\vehinh\xu.cpp(88): warning C4244: 'argument' : conversion from 'float' to 'int', possible loss of data
     1>c:\users\banme.com\desktop\bthdt\vehinh\vehinh\xu.cpp(88): warning C4244: 'argument' : conversion from 'float' to 'int', possible loss of data
     1>c:\users\banme.com\desktop\bthdt\vehinh\vehinh\xu.cpp(88): warning C4244: 'argument' : conversion from 'float' to 'int', possible loss of data
     1>c:\users\banme.com\desktop\bthdt\vehinh\vehinh\xu.cpp(89): warning C4244: 'argument' : conversion from 'float' to 'int', possible loss of data
     1>c:\users\banme.com\desktop\bthdt\vehinh\vehinh\xu.cpp(89): warning C4244: 'argument' : conversion from 'float' to 'int', possible loss of data
     1>c:\users\banme.com\desktop\bthdt\vehinh\vehinh\xu.cpp(89): warning C4244: 'argument' : conversion from 'float' to 'int', possible loss of data
     1>c:\users\banme.com\desktop\bthdt\vehinh\vehinh\xu.cpp(89): warning C4244: 'argument' : conversion from 'float' to 'int', possible loss of data
     1>c:\users\banme.com\desktop\bthdt\vehinh\vehinh\xu.cpp(93): warning C4244: 'argument' : conversion from 'float' to 'int', possible loss of data
     1>c:\users\banme.com\desktop\bthdt\vehinh\vehinh\xu.cpp(93): warning C4244: 'argument' : conversion from 'float' to 'int', possible loss of data
     1>c:\users\banme.com\desktop\bthdt\vehinh\vehinh\xu.cpp(93): warning C4244: 'argument' : conversion from 'float' to 'int', possible loss of data
     1>c:\users\banme.com\desktop\bthdt\vehinh\vehinh\xu.cpp(93): warning C4244: 'argument' : conversion from 'float' to 'int', possible loss of data
     1>c:\users\banme.com\desktop\bthdt\vehinh\vehinh\xu.cpp(94): warning C4244: 'argument' : conversion from 'float' to 'int', possible loss of data
     1>c:\users\banme.com\desktop\bthdt\vehinh\vehinh\xu.cpp(94): warning C4244: 'argument' : conversion from 'float' to 'int', possible loss of data
     1>c:\users\banme.com\desktop\bthdt\vehinh\vehinh\xu.cpp(94): warning C4244: 'argument' : conversion from 'float' to 'int', possible loss of data
     1>c:\users\banme.com\desktop\bthdt\vehinh\vehinh\xu.cpp(94): warning C4244: 'argument' : conversion from 'float' to 'int', possible loss of data
     1>c:\users\banme.com\desktop\bthdt\vehinh\vehinh\xu.cpp(115): warning C4244: 'argument' : conversion from 'float' to 'int', possible loss of data
     1>c:\users\banme.com\desktop\bthdt\vehinh\vehinh\xu.cpp(115): warning C4244: 'argument' : conversion from 'float' to 'int', possible loss of data
     1>c:\users\banme.com\desktop\bthdt\vehinh\vehinh\xu.cpp(120): warning C4244: 'argument' : conversion from 'float' to 'int', possible loss of data
     1>c:\users\banme.com\desktop\bthdt\vehinh\vehinh\xu.cpp(120): warning C4244: 'argument' : conversion from 'float' to 'int', possible loss of data
     1>c:\users\banme.com\desktop\bthdt\vehinh\vehinh\xu.cpp(127): warning C4244: '=' : conversion from 'double' to 'float', possible loss of data
     1>c:\users\banme.com\desktop\bthdt\vehinh\vehinh\xu.cpp(135): warning C4244: '=' : conversion from 'double' to 'float', possible loss of data
         VeHinhView.cpp
     1>c:\users\banme.com\desktop\bthdt\vehinh\vehinh\vehinhview.cpp(534): warning C4101: 'nen' : unreferenced local variable
         Tron.cpp
     1>c:\users\banme.com\desktop\bthdt\vehinh\vehinh\tron.cpp(6): warning C4244: '=' : conversion from 'int' to 'float', possible loss of data
     1>c:\users\banme.com\desktop\bthdt\vehinh\vehinh\tron.cpp(7): warning C4244: '=' : conversion from 'int' to 'float', possible loss of data
     1>c:\users\banme.com\desktop\bthdt\vehinh\vehinh\tron.cpp(8): warning C4244: '=' : conversion from 'int' to 'float', possible loss of data
     1>c:\users\banme.com\desktop\bthdt\vehinh\vehinh\tron.cpp(9): warning C4244: '=' : conversion from 'int' to 'float', possible loss of data
     1>c:\users\banme.com\desktop\bthdt\vehinh\vehinh\tron.cpp(18): warning C4244: '=' : conversion from 'LONG' to 'float', possible loss of data
     1>c:\users\banme.com\desktop\bthdt\vehinh\vehinh\tron.cpp(19): warning C4244: '=' : conversion from 'LONG' to 'float', possible loss of data
     1>c:\users\banme.com\desktop\bthdt\vehinh\vehinh\tron.cpp(20): warning C4244: '=' : conversion from 'LONG' to 'float', possible loss of data
     1>c:\users\banme.com\desktop\bthdt\vehinh\vehinh\tron.cpp(21): warning C4244: '=' : conversion from 'LONG' to 'float', possible loss of data
     1>c:\users\banme.com\desktop\bthdt\vehinh\vehinh\tron.cpp(26): warning C4244: '=' : conversion from 'int' to 'float', possible loss of data
     1>c:\users\banme.com\desktop\bthdt\vehinh\vehinh\tron.cpp(27): warning C4244: '=' : conversion from 'int' to 'float', possible loss of data
     1>c:\users\banme.com\desktop\bthdt\vehinh\vehinh\tron.cpp(28): warning C4244: '=' : conversion from 'int' to 'float', possible loss of data
     1>c:\users\banme.com\desktop\bthdt\vehinh\vehinh\tron.cpp(29): warning C4244: '=' : conversion from 'int' to 'float', possible loss of data
     1>c:\users\banme.com\desktop\bthdt\vehinh\vehinh\tron.cpp(35): warning C4244: '=' : conversion from 'float' to 'int', possible loss of data
     1>c:\users\banme.com\desktop\bthdt\vehinh\vehinh\tron.cpp(36): warning C4244: '=' : conversion from 'float' to 'int', possible loss of data
     1>c:\users\banme.com\desktop\bthdt\vehinh\vehinh\tron.cpp(38): warning C4244: '=' : conversion from 'float' to 'int', possible loss of data
     1>c:\users\banme.com\desktop\bthdt\vehinh\vehinh\tron.cpp(39): warning C4244: '=' : conversion from 'float' to 'int', possible loss of data
     1>c:\users\banme.com\desktop\bthdt\vehinh\vehinh\tron.cpp(44): warning C4244: 'argument' : conversion from 'float' to 'int', possible loss of data
     1>c:\users\banme.com\desktop\bthdt\vehinh\vehinh\tron.cpp(44): warning C4244: 'argument' : conversion from 'float' to 'int', possible loss of data
     1>c:\users\banme.com\desktop\bthdt\vehinh\vehinh\tron.cpp(44): warning C4244: 'argument' : conversion from 'float' to 'int', possible loss of data
     1>c:\users\banme.com\desktop\bthdt\vehinh\vehinh\tron.cpp(44): warning C4244: 'argument' : conversion from 'float' to 'int', possible loss of data
     1>c:\users\banme.com\desktop\bthdt\vehinh\vehinh\tron.cpp(48): warning C4244: 'argument' : conversion from 'float' to 'int', possible loss of data
     1>c:\users\banme.com\desktop\bthdt\vehinh\vehinh\tron.cpp(48): warning C4244: 'argument' : conversion from 'float' to 'int', possible loss of data
     1>c:\users\banme.com\desktop\bthdt\vehinh\vehinh\tron.cpp(48): warning C4244: 'argument' : conversion from 'float' to 'int', possible loss of data
     1>c:\users\banme.com\desktop\bthdt\vehinh\vehinh\tron.cpp(48): warning C4244: 'argument' : conversion from 'float' to 'int', possible loss of data
     1>c:\users\banme.com\desktop\bthdt\vehinh\vehinh\tron.cpp(57): warning C4244: 'argument' : conversion from 'float' to 'int', possible loss of data
     1>c:\users\banme.com\desktop\bthdt\vehinh\vehinh\tron.cpp(57): warning C4244: 'argument' : conversion from 'float' to 'int', possible loss of data
     1>c:\users\banme.com\desktop\bthdt\vehinh\vehinh\tron.cpp(57): warning C4244: 'argument' : conversion from 'float' to 'int', possible loss of data
     1>c:\users\banme.com\desktop\bthdt\vehinh\vehinh\tron.cpp(57): warning C4244: 'argument' : conversion from 'float' to 'int', possible loss of data
     1>c:\users\banme.com\desktop\bthdt\vehinh\vehinh\tron.cpp(61): warning C4244: 'argument' : conversion from 'float' to 'int', possible loss of data
     1>c:\users\banme.com\desktop\bthdt\vehinh\vehinh\tron.cpp(61): warning C4244: 'argument' : conversion from 'float' to 'int', possible loss of data
     1>c:\users\banme.com\desktop\bthdt\vehinh\vehinh\tron.cpp(61): warning C4244: 'argument' : conversion from 'float' to 'int', possible loss of data
     1>c:\users\banme.com\desktop\bthdt\vehinh\vehinh\tron.cpp(61): warning C4244: 'argument' : conversion from 'float' to 'int', possible loss of data
     1>c:\users\banme.com\desktop\bthdt\vehinh\vehinh\tron.cpp(70): warning C4244: 'argument' : conversion from 'float' to 'int', possible loss of data
     1>c:\users\banme.com\desktop\bthdt\vehinh\vehinh\tron.cpp(70): warning C4244: 'argument' : conversion from 'float' to 'int', possible loss of data
     1>c:\users\banme.com\desktop\bthdt\vehinh\vehinh\tron.cpp(70): warning C4244: 'argument' : conversion from 'float' to 'int', possible loss of data
     1>c:\users\banme.com\desktop\bthdt\vehinh\vehinh\tron.cpp(70): warning C4244: 'argument' : conversion from 'float' to 'int', possible loss of data
     1>c:\users\banme.com\desktop\bthdt\vehinh\vehinh\tron.cpp(74): warning C4244: 'argument' : conversion from 'float' to 'int', possible loss of data
     1>c:\users\banme.com\desktop\bthdt\vehinh\vehinh\tron.cpp(74): warning C4244: 'argument' : conversion from 'float' to 'int', possible loss of data
     1>c:\users\banme.com\desktop\bthdt\vehinh\vehinh\tron.cpp(74): warning C4244: 'argument' : conversion from 'float' to 'int', possible loss of data
     1>c:\users\banme.com\desktop\bthdt\vehinh\vehinh\tron.cpp(74): warning C4244: 'argument' : conversion from 'float' to 'int', possible loss of data
     1>c:\users\banme.com\desktop\bthdt\vehinh\vehinh\tron.cpp(81): warning C4244: 'argument' : conversion from 'float' to 'int', possible loss of data
     1>c:\users\banme.com\desktop\bthdt\vehinh\vehinh\tron.cpp(81): warning C4244: 'argument' : conversion from 'float' to 'int', possible loss of data
     1>c:\users\banme.com\desktop\bthdt\vehinh\vehinh\tron.cpp(81): warning C4244: 'argument' : conversion from 'float' to 'int', possible loss of data
     1>c:\users\banme.com\desktop\bthdt\vehinh\vehinh\tron.cpp(81): warning C4244: 'argument' : conversion from 'float' to 'int', possible loss of data
     1>c:\users\banme.com\desktop\bthdt\vehinh\vehinh\tron.cpp(85): warning C4244: 'argument' : conversion from 'float' to 'int', possible loss of data
     1>c:\users\banme.com\desktop\bthdt\vehinh\vehinh\tron.cpp(85): warning C4244: 'argument' : conversion from 'float' to 'int', possible loss of data
     1>c:\users\banme.com\desktop\bthdt\vehinh\vehinh\tron.cpp(85): warning C4244: 'argument' : conversion from 'float' to 'int', possible loss of data
     1>c:\users\banme.com\desktop\bthdt\vehinh\vehinh\tron.cpp(85): warning C4244: 'argument' : conversion from 'float' to 'int', possible loss of data
     1>c:\users\banme.com\desktop\bthdt\vehinh\vehinh\tron.cpp(99): warning C4244: 'argument' : conversion from 'float' to 'int', possible loss of data
     1>c:\users\banme.com\desktop\bthdt\vehinh\vehinh\tron.cpp(99): warning C4244: 'argument' : conversion from 'float' to 'int', possible loss of data
     1>c:\users\banme.com\desktop\bthdt\vehinh\vehinh\tron.cpp(104): warning C4244: 'argument' : conversion from 'float' to 'int', possible loss of data
     1>c:\users\banme.com\desktop\bthdt\vehinh\vehinh\tron.cpp(104): warning C4244: 'argument' : conversion from 'float' to 'int', possible loss of data
     1>c:\users\banme.com\desktop\bthdt\vehinh\vehinh\tron.cpp(118): warning C4244: '=' : conversion from 'double' to 'float', possible loss of data
     1>c:\users\banme.com\desktop\bthdt\vehinh\vehinh\tron.cpp(125): warning C4244: '=' : conversion from 'double' to 'int', possible loss of data
     1>c:\users\banme.com\desktop\bthdt\vehinh\vehinh\tron.cpp(126): warning C4244: 'return' : conversion from 'int' to 'float', possible loss of data
         Generating Code...
       ResourceCompile:
         All outputs are up-to-date.
       ManifestResourceCompile:
         All outputs are up-to-date.
       Link:
         C:\Program Files (x86)\Microsoft Visual Studio 10.0\VC\bin\link.exe /ERRORREPORT:PROMPT /OUT:"C:\Users\Banme.com\Desktop\BTHDT\VeHinh\Debug\VeHinh.exe" /INCREMENTAL /NOLOGO /MANIFEST /ManifestFile:"Debug\VeHinh.exe.intermediate.manifest" /MANIFESTUAC:"level='asInvoker' uiAccess='false'" /DEBUG /PDB:"C:\Users\Banme.com\Desktop\BTHDT\VeHinh\Debug\VeHinh.pdb" /SUBSYSTEM:WINDOWS /TLBID:1 /ENTRY:"wWinMainCRTStartup" /DYNAMICBASE /NXCOMPAT /IMPLIB:"C:\Users\Banme.com\Desktop\BTHDT\VeHinh\Debug\VeHinh.lib" /MACHINE:X86 Debug\VeHinh.res
         Debug\VeHinh.exe.embed.manifest.res
         Debug\HCN.obj
         Debug\Hinh.obj
         Debug\MainFrm.obj
         Debug\NutBam.obj
         Debug\Sao.obj
         Debug\stdafx.obj
         Debug\TG.obj
         Debug\Tron.obj
         Debug\VeHinh.obj
         Debug\VeHinhDoc.obj
         Debug\VeHinhView.obj
         Debug\Vuong.obj
         Debug\Xu.obj
       Manifest:
         C:\Program Files (x86)\Microsoft SDKs\Windows\v7.0A\bin\mt.exe /nologo /verbose /out:"Debug\VeHinh.exe.embed.manifest" /manifest Debug\VeHinh.exe.intermediate.manifest "C:\Program Files (x86)\Microsoft Visual Studio 10.0\VC\Include\Manifest\dpiaware.manifest"
         All outputs are up-to-date.
       LinkEmbedManifest:
         All outputs are up-to-date.
         VeHinh.vcxproj -> C:\Users\Banme.com\Desktop\BTHDT\VeHinh\Debug\VeHinh.exe
       FinalizeBuildStatus:
         Deleting file "Debug\VeHinh.unsuccessfulbuild".
         Touching "Debug\VeHinh.lastbuildstate".
     1>Done Building Project "C:\Users\Banme.com\Desktop\BTHDT\VeHinh\VeHinh\VeHinh.vcxproj" (build target(s)).

Build succeeded.

Time Elapsed 00:00:13.83
